{"E:\\liujun\\workspace\\vue-base\\vue-pro-temp\\src\\basic-comps\\index.js": {"path":"E:\\liujun\\workspace\\vue-base\\vue-pro-temp\\src\\basic-comps\\index.js","statementMap":{},"fnMap":{},"branchMap":{},"s":{},"f":{},"b":{},"hash":"c8ee513f2fdc8dd6288c5354a973b6fabffbabf0"}
,"E:\\liujun\\workspace\\vue-base\\vue-pro-temp\\src\\components\\HelloWorld.vue": {"path":"E:\\liujun\\workspace\\vue-base\\vue-pro-temp\\src\\components\\HelloWorld.vue","statementMap":{},"fnMap":{"0":{"name":"(anonymous_1)","decl":{"start":{"line":81,"column":0},"end":{"line":81,"column":null}},"loc":{"start":{"line":81,"column":0},"end":{"line":81,"column":null}}}},"branchMap":{},"s":{},"f":{"0":1},"b":{}}
,"E:\\liujun\\workspace\\vue-base\\vue-pro-temp\\src\\components\\index.js": {"path":"E:\\liujun\\workspace\\vue-base\\vue-pro-temp\\src\\components\\index.js","statementMap":{},"fnMap":{},"branchMap":{},"s":{},"f":{},"b":{},"hash":"6439ea64763da2407d2a2f7b557887e42ea7ccce"}
}
