{"E:\\liujun\\workspace\\vue-base\\vue-pro-temp\\src\\components\\HelloWorld.vue": {"path":"E:\\liujun\\workspace\\vue-base\\vue-pro-temp\\src\\components\\HelloWorld.vue","statementMap":{},"fnMap":{"0":{"name":"created","decl":{"start":{"line":85,"column":0},"end":{"line":85,"column":null}},"loc":{"start":{"line":85,"column":0},"end":{"line":85,"column":null}}}},"branchMap":{},"s":{},"f":{"0":1},"b":{}}
,"E:\\liujun\\workspace\\vue-base\\vue-pro-temp\\src\\components\\index.js": {"path":"E:\\liujun\\workspace\\vue-base\\vue-pro-temp\\src\\components\\index.js","statementMap":{},"fnMap":{},"branchMap":{},"s":{},"f":{},"b":{},"hash":"6439ea64763da2407d2a2f7b557887e42ea7ccce"}
}
