TN:
SF:E:\liujun\workspace\vue-base\vue-pro-temp\src\basic-comps\index.js
FNF:0
FNH:0
LF:0
LH:0
BRF:0
BRH:0
end_of_record
TN:
SF:E:\liujun\workspace\vue-base\vue-pro-temp\src\basic-comps\base-echarts\base-echarts.vue
FN:45,_default
FN:73,_default
FN:82,data
FN:87,created
FN:90,mounted
FN:114,reLoadOption
FN:118,reSizeECharts
FNF:7
FNH:0
FNDA:0,_default
FNDA:0,_default
FNDA:0,data
FNDA:0,created
FNDA:0,mounted
FNDA:0,reLoadOption
FNDA:0,reSizeECharts
DA:34,0
DA:35,0
DA:46,0
DA:74,0
DA:83,0
DA:88,0
DA:91,0
DA:92,0
DA:94,0
DA:99,0
DA:107,0
DA:108,0
DA:110,0
DA:115,0
DA:119,0
DA:120,0
LF:16
LH:0
BRDA:91,0,0,0
BRDA:91,0,1,0
BRDA:94,1,0,0
BRDA:94,1,1,0
BRDA:119,2,0,0
BRDA:119,2,1,0
BRF:6
BRH:0
end_of_record
TN:
SF:E:\liujun\workspace\vue-base\vue-pro-temp\src\basic-comps\base-echarts\echarts-config.js
FNF:0
FNH:0
DA:2,0
DA:60,0
DA:97,0
DA:152,0
DA:216,0
DA:283,0
DA:303,0
DA:343,0
DA:398,0
LF:9
LH:0
BRF:0
BRH:0
end_of_record
TN:
SF:E:\liujun\workspace\vue-base\vue-pro-temp\src\basic-comps\basic-tabs\basic-tabs.vue
FN:51,data
FN:60,defaultActiveName
FN:64,created
FN:67,mounted
FN:71,handleClick
FNF:5
FNH:0
FNDA:0,data
FNDA:0,defaultActiveName
FNDA:0,created
FNDA:0,mounted
FNDA:0,handleClick
DA:52,0
DA:61,0
DA:72,0
DA:73,0
DA:74,0
LF:5
LH:0
BRF:0
BRH:0
end_of_record
TN:
SF:E:\liujun\workspace\vue-base\vue-pro-temp\src\components\HelloWorld.vue
FN:81,created
FNF:1
FNH:1
FNDA:2,created
LF:0
LH:0
BRF:0
BRH:0
end_of_record
TN:
SF:E:\liujun\workspace\vue-base\vue-pro-temp\src\components\index.js
FNF:0
FNH:0
LF:0
LH:0
BRF:0
BRH:0
end_of_record
TN:
SF:E:\liujun\workspace\vue-base\vue-pro-temp\src\components\all-modal\demo-modal\demo-modal.vue
FN:132,data
FN:145,defaultVisible
FN:149,created
FN:152,mounted
FN:157,show
FN:161,hide
FN:167,handleTopClearClose
FN:171,handleSubmitClick
FN:172,(anonymous_9)
FN:179,handleClearClick
FNF:10
FNH:0
FNDA:0,data
FNDA:0,defaultVisible
FNDA:0,created
FNDA:0,mounted
FNDA:0,show
FNDA:0,hide
FNDA:0,handleTopClearClose
FNDA:0,handleSubmitClick
FNDA:0,(anonymous_9)
FNDA:0,handleClearClick
DA:60,0
DA:66,0
DA:67,0
DA:68,0
DA:133,0
DA:146,0
DA:158,0
DA:162,0
DA:164,0
DA:168,0
DA:171,0
DA:172,0
DA:173,0
DA:174,0
DA:180,0
DA:181,0
LF:16
LH:0
BRDA:173,0,0,0
BRDA:173,0,1,0
BRF:2
BRH:0
end_of_record
